<?xml version="1.0" encoding="UTF-8"?>
<!-- Generated by org.testng.reporters.JUnitXMLReporter -->
<testsuite hostname="LBNL700609" name="Default test" tests="2" failures="0" timestamp="20 Mar 2018 08:41:14 GMT" time="0.036" errors="0">
  <testcase name="@BeforeClass launchBrowser" time="0.0" classname="jenkinsDemo.SampleJenkin">
    <failure type="org.testng.TestNGException" message="
Parameter &amp;apos;BrowserName&amp;apos; is required by @Configuration on method launchBrowser but has not been marked @Optional or defined
in C:\Users\plakade\AppData\Local\Temp\testng-eclipse-523822119\testng-customsuite.xml">
      <![CDATA[org.testng.TestNGException: 
Parameter 'BrowserName' is required by @Configuration on method launchBrowser but has not been marked @Optional or defined
in C:\Users\plakade\AppData\Local\Temp\testng-eclipse-523822119\testng-customsuite.xml
	at org.testng.internal.Parameters.createParameters(Parameters.java:154)
	at org.testng.internal.Parameters.createParameters(Parameters.java:361)
	at org.testng.internal.Parameters.createConfigurationParameters(Parameters.java:84)
	at org.testng.internal.Invoker.invokeConfigurations(Invoker.java:197)
	at org.testng.internal.Invoker.invokeConfigurations(Invoker.java:138)
	at org.testng.internal.TestMethodWorker.invokeBeforeClassMethods(TestMethodWorker.java:170)
	at org.testng.internal.TestMethodWorker.run(TestMethodWorker.java:104)
	at org.testng.TestRunner.privateRun(TestRunner.java:774)
	at org.testng.TestRunner.run(TestRunner.java:624)
	at org.testng.SuiteRunner.runTest(SuiteRunner.java:359)
	at org.testng.SuiteRunner.runSequentially(SuiteRunner.java:354)
	at org.testng.SuiteRunner.privateRun(SuiteRunner.java:312)
	at org.testng.SuiteRunner.run(SuiteRunner.java:261)
	at org.testng.SuiteRunnerWorker.runSuite(SuiteRunnerWorker.java:52)
	at org.testng.SuiteRunnerWorker.run(SuiteRunnerWorker.java:86)
	at org.testng.TestNG.runSuitesSequentially(TestNG.java:1215)
	at org.testng.TestNG.runSuitesLocally(TestNG.java:1140)
	at org.testng.TestNG.run(TestNG.java:1048)
	at org.testng.remote.AbstractRemoteTestNG.run(AbstractRemoteTestNG.java:114)
	at org.testng.remote.RemoteTestNG.initAndRun(RemoteTestNG.java:251)
	at org.testng.remote.RemoteTestNG.main(RemoteTestNG.java:77)
]]>
    </failure>
  </testcase> <!-- @BeforeClass launchBrowser -->
  <testcase name="@AfterClass tearDown" time="0.0" classname="jenkinsDemo.SampleJenkin">
    <skipped/>
  </testcase> <!-- @AfterClass tearDown -->
  <testcase name="openWebsite" time="0.001" classname="jenkinsDemo.SampleJenkin">
    <skipped/>
  </testcase> <!-- openWebsite -->
  <testcase name="selectLink" time="0.001" classname="jenkinsDemo.SampleJenkin">
    <skipped/>
  </testcase> <!-- selectLink -->
</testsuite> <!-- Default test -->
